mode: set
github.com/farismfirdaus/plant-nursery/services/customer/customer.go:32.12,37.2 1 1
github.com/farismfirdaus/plant-nursery/services/customer/customer.go:39.82,40.44 1 1
github.com/farismfirdaus/plant-nursery/services/customer/customer.go:40.44,42.3 1 1
github.com/farismfirdaus/plant-nursery/services/customer/customer.go:44.2,45.59 2 1
github.com/farismfirdaus/plant-nursery/services/customer/customer.go:45.59,47.3 1 1
github.com/farismfirdaus/plant-nursery/services/customer/customer.go:49.2,49.14 1 1
github.com/farismfirdaus/plant-nursery/services/customer/customer.go:49.14,51.3 1 1
github.com/farismfirdaus/plant-nursery/services/customer/customer.go:54.2,55.16 2 1
github.com/farismfirdaus/plant-nursery/services/customer/customer.go:55.16,57.3 1 1
github.com/farismfirdaus/plant-nursery/services/customer/customer.go:58.2,60.37 2 1
github.com/farismfirdaus/plant-nursery/services/customer/customer.go:63.98,64.35 1 1
github.com/farismfirdaus/plant-nursery/services/customer/customer.go:64.35,66.3 1 1
github.com/farismfirdaus/plant-nursery/services/customer/customer.go:68.2,69.16 2 1
github.com/farismfirdaus/plant-nursery/services/customer/customer.go:69.16,70.45 1 1
github.com/farismfirdaus/plant-nursery/services/customer/customer.go:70.45,72.4 1 1
github.com/farismfirdaus/plant-nursery/services/customer/customer.go:73.3,73.17 1 1
github.com/farismfirdaus/plant-nursery/services/customer/customer.go:76.2,76.75 1 1
github.com/farismfirdaus/plant-nursery/services/customer/customer.go:76.75,78.3 1 1
github.com/farismfirdaus/plant-nursery/services/customer/customer.go:80.2,81.16 2 1
github.com/farismfirdaus/plant-nursery/services/customer/customer.go:81.16,83.3 1 1
github.com/farismfirdaus/plant-nursery/services/customer/customer.go:85.2,85.19 1 1
